This is pdfTeX, Version 3.14159265-2.6-1.40.19 (MiKTeX 2.9.6880 64-bit) (preloaded format=pdflatex 2018.12.18)  3 AUG 2019 17:06
entering extended mode
**"C:/Users/Hannah/AppData/Local/Programs/MiKTeX 2.9/tex/generic/tap/tap.tex"
("C:/Users/Hannah/AppData/Local/Programs/MiKTeX 2.9/tex/generic/tap/tap.tex"
LaTeX2e <2018-04-01> patch level 5
This is TAP version 0.77 (BOP TeX macro package for setting tables)
\trth=\dimen102
\TRTH=\dimen103
\align_state=\count80
\everytable=\toks14
\thistable=\toks15
\desiredwidth=\dimen104
\widthaccuracy=\dimen105
\table_box=\box26
\box_tmp=\box27
\innerht=\dimen106
\innerdp=\dimen107
\normht=\dimen108
\normdp=\dimen109
\extraht=\dimen110
\extradp=\dimen111
\cellmarg=\dimen112
\cellnum=\count81
\maxcellnum=\count82
\cellcorr=\dimen113
\maxcellcorr=\dimen114
\mincellcorr=\dimen115
\cellstate=\count83
\mincellmarg=\dimen116
\cell_box=\box28
\tablerowheight=\dimen117
\pen_wd=\dimen118
\col_num=\count84
\col_tok=\toks16
\dim_x=\dimen119
\dim_y=\dimen120
\dim_t=\dimen121
\dim_r=\dimen122
\dim_tmp=\dimen123
)
! Emergency stop.
<*> ...rograms/MiKTeX 2.9/tex/generic/tap/tap.tex"
                                                  
*** (job aborted, no legal \end found)

 
Here is how much of TeX's memory you used:
 252 strings out of 492969
 3004 string characters out of 3126141
 61486 words of memory out of 3000000
 4225 multiletter control sequences out of 15000+200000
 3640 words of font info for 14 fonts, out of 3000000 for 9000
 1141 hyphenation exceptions out of 8191
 5i,0n,10p,160b,10s stack positions out of 5000i,500n,10000p,200000b,50000s
!  ==> Fatal error occurred, no output PDF file produced!
